<?xml version="1.0" encoding="UTF-8"?>
<robot generator="Robot 7.2 (Python 3.13.1 on darwin)" generated="2025-01-28T00:18:21.789691" rpa="false" schemaversion="5">
<suite id="s1" name="Test" source="/Users/nipatchapakdee/Lab8_5/test.robot">
<test id="s1-t1" name="Open KKU Website" line="9">
<kw name="Evaluate" owner="BuiltIn">
<msg time="2025-01-28T00:18:21.811532" level="FAIL">Evaluating expression "sys.modules['selenium.webdriver'].ChromeOptions()" failed: ModuleNotFoundError: No module named 'selenium'</msg>
<var>${options}</var>
<arg>sys.modules['selenium.webdriver'].ChromeOptions()</arg>
<arg>sys, selenium.webdriver</arg>
<doc>Evaluates the given expression in Python and returns the result.</doc>
<status status="FAIL" start="2025-01-28T00:18:21.811285" elapsed="0.000391">Evaluating expression "sys.modules['selenium.webdriver'].ChromeOptions()" failed: ModuleNotFoundError: No module named 'selenium'</status>
</kw>
<kw name="Call Method" owner="BuiltIn">
<arg>${options}</arg>
<arg>add_argument</arg>
<arg>--no-sandbox</arg>
<doc>Calls the named method of the given object with the provided arguments.</doc>
<status status="NOT RUN" start="2025-01-28T00:18:21.811799" elapsed="0.000019"/>
</kw>
<kw name="Call Method" owner="BuiltIn">
<arg>${options}</arg>
<arg>add_argument</arg>
<arg>--disable-dev-shm-usage</arg>
<doc>Calls the named method of the given object with the provided arguments.</doc>
<status status="NOT RUN" start="2025-01-28T00:18:21.811900" elapsed="0.000013"/>
</kw>
<kw name="Evaluate" owner="BuiltIn">
<var>${service}</var>
<arg>sys.modules['selenium.webdriver.chrome.service'].Service('${CHROME_DRIVER_PATH}')</arg>
<arg>sys, selenium.webdriver</arg>
<doc>Evaluates the given expression in Python and returns the result.</doc>
<status status="NOT RUN" start="2025-01-28T00:18:21.811987" elapsed="0.000010"/>
</kw>
<kw name="Create Webdriver">
<arg>Chrome</arg>
<arg>options=${options}</arg>
<arg>service=${service}</arg>
<status status="NOT RUN" start="2025-01-28T00:18:21.812090" elapsed="0.000011"/>
</kw>
<kw name="Go To">
<arg>${URL}</arg>
<status status="NOT RUN" start="2025-01-28T00:18:21.812178" elapsed="0.000010"/>
</kw>
<kw name="Close Browser">
<status status="NOT RUN" start="2025-01-28T00:18:21.812250" elapsed="0.000008"/>
</kw>
<status status="FAIL" start="2025-01-28T00:18:21.810840" elapsed="0.001514">Evaluating expression "sys.modules['selenium.webdriver'].ChromeOptions()" failed: ModuleNotFoundError: No module named 'selenium'</status>
</test>
<status status="FAIL" start="2025-01-28T00:18:21.791610" elapsed="0.020968"/>
</suite>
<statistics>
<total>
<stat pass="0" fail="1" skip="0">All Tests</stat>
</total>
<tag>
</tag>
<suite>
<stat name="Test" id="s1" pass="0" fail="1" skip="0">Test</stat>
</suite>
</statistics>
<errors>
<msg time="2025-01-28T00:18:21.810526" level="ERROR">Error in file '/Users/nipatchapakdee/Lab8_5/test.robot' on line 2: Importing library 'SeleniumLibrary' failed: ModuleNotFoundError: No module named 'SeleniumLibrary'
Traceback (most recent call last):
  None
PYTHONPATH:
  /Users/nipatchapakdee/Lab8_5/robot_env/bin
  /opt/homebrew/Cellar/python@3.13/3.13.1/Frameworks/Python.framework/Versions/3.13/lib/python313.zip
  /opt/homebrew/Cellar/python@3.13/3.13.1/Frameworks/Python.framework/Versions/3.13/lib/python3.13
  /opt/homebrew/Cellar/python@3.13/3.13.1/Frameworks/Python.framework/Versions/3.13/lib/python3.13/lib-dynload
  /Users/nipatchapakdee/Lab8_5/robot_env/lib/python3.13/site-packages</msg>
</errors>
</robot>
